  AddRecruitmentUI.cpp
  Apply.cpp
  CompanyMember.cpp
  GeneralMember.cpp
  main.cpp
  ManageRecruitment.cpp
  Member.cpp
  Recruitment.cpp
  SearchRecruitment.cpp
  SearchRecruitmentUI.cpp
  ShowApplyInformation.cpp
  ShowApplyInformationUI.cpp
  ShowRecruitmentUI.cpp
  SignIn.cpp
  SignInUI.cpp
  SignOut.cpp
  SignOutUI.cpp
  SignUp.cpp
  SignUpUI.cpp
  WithDrawal.cpp
  코드를 생성하고 있습니다...
C:\Users\a_mor\Desktop\OOING\HONGIK\4-1\SE\HW2+3\13\살짝 최종\ShowApplyInformation.cpp(96): warning C4715: 'ShowApplyInformation::showWorkApply': 모든 제어 경로에서 값을 반환하지는 않습니다.
  컴파일하고 있습니다...
  WithDrawalUI.cpp
  코드를 생성하고 있습니다...
  SE.vcxproj -> C:\Users\a_mor\Desktop\OOING\HONGIK\4-1\SE\HW2+3\13\살짝 최종\x64\Debug\SE.exe
