  AddRecruitmentUI.cpp
  Apply.cpp
  CompanyMember.cpp
  GeneralMember.cpp
  main.cpp
  ManageRecruitment.cpp
  Member.cpp
  Recruitment.cpp
  SearchRecruitment.cpp
  SearchRecruitmentUI.cpp
  ShowApplyInformation.cpp
  ShowApplyInformationUI.cpp
  ShowRecruitmentUI.cpp
  SignIn.cpp
  SignInUI.cpp
  SignOut.cpp
  SignOutUI.cpp
  SignUp.cpp
  SignUpUI.cpp
  WithDrawal.cpp
  코드를 생성하고 있습니다...
C:\Users\a_mor\Desktop\OOING\HONGIK\4-1\SE\HW2+3\13\SE_HW3\SE_HW3\WithDrawal.cpp(19): warning C4715: 'WithDrawal::clickWithdrawal': 모든 제어 경로에서 값을 반환하지는 않습니다.
C:\Users\a_mor\Desktop\OOING\HONGIK\4-1\SE\HW2+3\13\SE_HW3\SE_HW3\SignUp.cpp(42): warning C4715: 'SignUp::putUserDetails': 모든 제어 경로에서 값을 반환하지는 않습니다.
C:\Users\a_mor\Desktop\OOING\HONGIK\4-1\SE\HW2+3\13\SE_HW3\SE_HW3\ShowApplyInformation.cpp(54): warning C4715: 'ShowApplyInformation::cancelApply': 모든 제어 경로에서 값을 반환하지는 않습니다.
C:\Users\a_mor\Desktop\OOING\HONGIK\4-1\SE\HW2+3\13\SE_HW3\SE_HW3\Member.cpp(42): warning C4715: 'Member::getType': 모든 제어 경로에서 값을 반환하지는 않습니다.
  컴파일하고 있습니다...
  WithDrawalUI.cpp
  코드를 생성하고 있습니다...
  SE_HW3.vcxproj -> C:\Users\a_mor\Desktop\OOING\HONGIK\4-1\SE\HW2+3\13\SE_HW3\x64\Debug\SE_HW3.exe
